<?xml version="1.0" encoding="UTF-8"?>
<!-- Generated by org.testng.reporters.JUnitReportReporter -->
<testsuite hostname="DESKTOP-8GPV7J2" failures="0" tests="1" name="Demogit.DemogitTest" time="0.026" errors="0" timestamp="2022-01-26T23:39:37 IST" skipped="0">
  <testcase classname="Demogit.DemogitTest" name="Demo" time="0.026"/>
  <system-out/>
</testsuite> <!-- Demogit.DemogitTest -->
